<?xml version="1.0" encoding="UTF-8"?>
<!-- Generated by org.testng.reporters.JUnitXMLReporter -->
<testsuite ignored="0" hostname="DESKTOP-1M9J8MG" failures="0" tests="29" name="Test" time="60.517" errors="0"
           timestamp="2020-10-07T13:13:32 EET">
    <testcase classname="Com.APIs.PartDataSearch.GetPartDataByKeySearch_TC001" name="PartDataByKeySearch" time="2.969"/>
    <testcase classname="Com.APIs.PartDataSearch.GET_CrossDataByPartId_TC011" name="GetCrossDataByPartId" time="4.13"/>
    <testcase classname="Com.APIs.PartDataSearch.GET_InventoryDetailsByPartId_015" name="InventoryDetailsByPartId"
              time="1.355"/>
    <testcase classname="Com.APIs.PartDataSearch.GET_UpdatedPartDataWithinDateRange_TC016"
              name="_UpdatedPartDataWithinDateRange" time="3.484"/>
    <testcase classname="Com.APIs.PartDataSearch.GET_ComplianceWithCMByPartID_TC017" name="ComplianceWithCMByPartID"
              time="3.114"/>
    <testcase classname="Com.APIs.PartDataSearch.POST_ModifyUploadedParts_DELETE_WithoutDynamicData_TC028"
              name="ModifyUploadedParts_DELETE_WithoutDynamicData" time="1.484"/>
    <testcase classname="Com.APIs.PartDataSearch.GET_PartDataByPartId_TC003" name="PartDataByPartId" time="1.962"/>
    <testcase classname="Com.APIs.PartDataSearch.GET_PartValidation_TC010" name="PartValidation" time="2.465"/>
    <testcase classname="Com.APIs.PartDataSearch.POST_ModifyUploadedParts_DELETE_GeneralKey_TC026"
              name="POST_ModifyUploadedParts_DELETE_GeneralKey" time="1.291"/>
    <testcase classname="Com.APIs.PartDataSearch.GET_ParametricFeaturesByProductID_TC014"
              name="ParametricFeaturesByProductID" time="1.462"/>
    <testcase classname="Com.APIs.PartDataSearch.GET_PartDetailsBySearchCustom_EmptyInput_TC008"
              name="PartDetailsBySearchCustom_EmptyInput" time="1.306"/>
    <testcase classname="Com.APIs.PartDataSearch.GET_PartDetailsBySearch_TC006" name="PartDetailsBySearch"
              time="2.519"/>
    <testcase classname="Com.APIs.PartDataSearch.GET_PartDetailsBySearchCustom_TC007" name="PartDetailsBySearchCustom"
              time="2.788"/>
    <testcase classname="Com.APIs.PartDataSearch.POST_PartDataWithParametricFilters_TC022"
              name="POST_PartDataWithParametricFilters" time="1.892"/>
    <testcase classname="Com.APIs.PartDataSearch.POST_ModifyUploadedParts_DELETE_TC027"
              name="ModifyUploadedParts_DELETE" time="1.307"/>
    <testcase classname="Com.APIs.PartDataSearch.GET_ComplianceWithCMByPartID_PartConfig_TC019"
              name="ComplianceWithCMByPartID_PartConfig" time="1.486"/>
    <testcase classname="Com.APIs.PartDataSearch.GET_UpdatedPartWithinDateRange_TC013" name="UpdatedPartWithinDateRange"
              time="1.423"/>
    <testcase classname="Com.APIs.PartDataSearch.GET_ProductLineList_TC0012" name="ProductLineList" time="3.743"/>
    <testcase classname="Com.APIs.PartDataSearch.POST_ModifyUploadedParts_ADD_WithoutDynamicData_TC025"
              name="ModifyUploadedParts_ADD_WithoutDynamicData" time="1.349"/>
    <testcase classname="Com.APIs.PartDataSearch.GET_PartDetailsBySearchCustom_PartID_TC009"
              name="PartDetailsBySearchCustom_PartID" time="3.161"/>
    <testcase classname="Com.APIs.PartDataSearch.GET_ChemicalDataByPartID_TC020" name="GetChemicalDataByPartID"
              time="1.464"/>
    <testcase classname="Com.APIs.PartDataSearch.POST_ValidateUploadedParts_TC029" name="ValidateUploadedParts"
              time="1.487"/>
    <testcase classname="Com.APIs.PartDataSearch.POST_ValidateUploadedParts_TC029" name="ValidateUploadedParts2"
              time="1.495"/>
    <testcase classname="Com.APIs.PartDataSearch.GET_ComplianceDatainXMLByPartId_TC021"
              name="GComplianceDatainXMLByPartId" time="2.932"/>
    <testcase classname="Com.APIs.PartDataSearch.GET_PartDataByPartId_PartConfig_TC004"
              name="PartDataByPartId_PartConfig" time="2.087"/>
    <testcase classname="Com.APIs.PartDataSearch.POST_ValidateUploadedParts_NotFoundStatus_TC030"
              name="ValidateUploadedParts_NotFoundStatus" time="1.311"/>
    <testcase classname="Com.APIs.PartDataSearch.GetPartDataByPartId_PartConfig_Duplicate_TC005"
              name="PartDataByPartId_PartConfig_Duplicate_parametric" time="2.066"/>
    <testcase classname="Com.APIs.PartDataSearch.POST_ModifyUploadedParts_ADD_GenralKey_TC023"
              name="ModifyUploadedParts_ADD_GenralKey" time="1.296"/>
    <testcase classname="Com.APIs.PartDataSearch.GET_PartDataByKeySearch_PartConfig_TC002"
              name="PartDataByKeySearch_PartConfig" time="1.402"/>
</testsuite> <!-- Test -->
