<?xml version="1.0" encoding="UTF-8"?>
<!-- Generated by org.testng.reporters.JUnitXMLReporter -->
<testsuite ignored="0" hostname="DESKTOP-TBBFTC1" failures="1" tests="29" name="Test" time="109.928" errors="0"
           timestamp="2020-10-01T15:40:34 EET">
    <testcase classname="Com.APIs.PartDataSearch.GetPartDataByKeySearch_TC001" name="PartDataByKeySearch" time="3.066"/>
    <testcase classname="Com.APIs.PartDataSearch.GET_CrossDataByPartId_TC011" name="GetCrossDataByPartId" time="4.714"/>
    <testcase classname="Com.APIs.PartDataSearch.GET_InventoryDetailsByPartId_015" name="InventoryDetailsByPartId"
              time="4.177"/>
    <testcase classname="Com.APIs.PartDataSearch.GET_UpdatedPartDataWithinDateRange_TC016"
              name="_UpdatedPartDataWithinDateRange" time="3.552"/>
    <testcase classname="Com.APIs.PartDataSearch.GET_ComplianceWithCMByPartID_TC017" name="ComplianceWithCMByPartID"
              time="21.012">
        <failure type="java.net.ConnectException" message="Connection timed out: connect">
            <![CDATA[java.net.ConnectException: Connection timed out: connect
at java.base/sun.nio.ch.Net.connect0(Native Method)
at java.base/sun.nio.ch.Net.connect(Net.java:503)
at java.base/sun.nio.ch.Net.connect(Net.java:492)
at java.base/sun.nio.ch.NioSocketImpl.connect(NioSocketImpl.java:588)
at java.base/java.net.SocksSocketImpl.connect(SocksSocketImpl.java:333)
at java.base/java.net.Socket.connect(Socket.java:648)
at org.apache.http.conn.ssl.SSLSocketFactory.connectSocket(SSLSocketFactory.java:542)
at org.apache.http.conn.ssl.SSLSocketFactory.connectSocket(SSLSocketFactory.java:414)
at org.apache.http.impl.conn.DefaultClientConnectionOperator.openConnection(DefaultClientConnectionOperator.java:180)
at org.apache.http.impl.conn.ManagedClientConnectionImpl.open(ManagedClientConnectionImpl.java:326)
at org.apache.http.impl.client.DefaultRequestDirector.tryConnect(DefaultRequestDirector.java:610)
at org.apache.http.impl.client.DefaultRequestDirector.execute(DefaultRequestDirector.java:445)
at org.apache.http.impl.client.AbstractHttpClient.doExecute(AbstractHttpClient.java:835)
at org.apache.http.impl.client.CloseableHttpClient.execute(CloseableHttpClient.java:83)
at org.apache.http.impl.client.CloseableHttpClient.execute(CloseableHttpClient.java:56)
at org.apache.http.client.HttpClient$execute$0.call(Unknown Source)
at io.restassured.internal.RequestSpecificationImpl$RestAssuredHttpBuilder.doRequest(RequestSpecificationImpl.groovy:2146)
at io.restassured.internal.http.HTTPBuilder.doRequest(HTTPBuilder.java:494)
at io.restassured.internal.http.HTTPBuilder.request(HTTPBuilder.java:451)
at io.restassured.internal.http.HTTPBuilder$request$2.call(Unknown Source)
at io.restassured.internal.RequestSpecificationImpl.sendHttpRequest(RequestSpecificationImpl.groovy:1544)
at groovy.lang.MetaMethod.doMethodInvoke(MetaMethod.java:325)
at groovy.lang.MetaClassImpl.invokeMethod(MetaClassImpl.java:1225)
at groovy.lang.MetaClassImpl.invokeMethod(MetaClassImpl.java:1034)
at groovy.lang.MetaClassImpl.invokeMethod(MetaClassImpl.java:822)
at io.restassured.internal.RequestSpecificationImpl.invokeMethod(RequestSpecificationImpl.groovy)
at org.codehaus.groovy.runtime.callsite.PogoInterceptableSite.call(PogoInterceptableSite.java:47)
at org.codehaus.groovy.runtime.callsite.PogoInterceptableSite.callCurrent(PogoInterceptableSite.java:57)
at io.restassured.internal.RequestSpecificationImpl.sendRequest(RequestSpecificationImpl.groovy:1293)
at groovy.lang.MetaMethod.doMethodInvoke(MetaMethod.java:325)
at groovy.lang.MetaClassImpl.invokeMethod(MetaClassImpl.java:1225)
at groovy.lang.MetaClassImpl.invokeMethod(MetaClassImpl.java:1034)
at groovy.lang.MetaClassImpl.invokeMethod(MetaClassImpl.java:822)
at io.restassured.internal.RequestSpecificationImpl.invokeMethod(RequestSpecificationImpl.groovy)
at org.codehaus.groovy.runtime.callsite.PogoInterceptableSite.call(PogoInterceptableSite.java:47)
at org.codehaus.groovy.runtime.callsite.AbstractCallSite.call(AbstractCallSite.java:152)
at io.restassured.internal.filter.SendRequestFilter.filter(SendRequestFilter.groovy:30)
at io.restassured.filter.Filter$filter$0.call(Unknown Source)
at org.codehaus.groovy.runtime.callsite.CallSiteArray.defaultCall(CallSiteArray.java:47)
at io.restassured.filter.Filter$filter.call(Unknown Source)
at io.restassured.internal.filter.FilterContextImpl.next(FilterContextImpl.groovy:72)
at io.restassured.filter.time.TimingFilter.filter(TimingFilter.java:56)
at io.restassured.filter.Filter$filter.call(Unknown Source)
at org.codehaus.groovy.runtime.callsite.CallSiteArray.defaultCall(CallSiteArray.java:47)
at io.restassured.filter.Filter$filter$0.call(Unknown Source)
at io.restassured.internal.filter.FilterContextImpl.next(FilterContextImpl.groovy:72)
at io.restassured.filter.FilterContext$next.call(Unknown Source)
at io.restassured.internal.RequestSpecificationImpl.applyPathParamsAndSendRequest(RequestSpecificationImpl.groovy:1749)
at groovy.lang.MetaMethod.doMethodInvoke(MetaMethod.java:325)
at groovy.lang.MetaClassImpl.invokeMethod(MetaClassImpl.java:1225)
at groovy.lang.MetaClassImpl.invokeMethod(MetaClassImpl.java:1034)
at groovy.lang.MetaClassImpl.invokeMethod(MetaClassImpl.java:822)
at io.restassured.internal.RequestSpecificationImpl.invokeMethod(RequestSpecificationImpl.groovy)
at org.codehaus.groovy.runtime.callsite.PogoInterceptableSite.call(PogoInterceptableSite.java:47)
at org.codehaus.groovy.runtime.callsite.PogoInterceptableSite.callCurrent(PogoInterceptableSite.java:57)
at org.codehaus.groovy.runtime.callsite.AbstractCallSite.callCurrent(AbstractCallSite.java:185)
at io.restassured.internal.RequestSpecificationImpl.applyPathParamsAndSendRequest(RequestSpecificationImpl.groovy:1755)
at groovy.lang.MetaMethod.doMethodInvoke(MetaMethod.java:325)
at groovy.lang.MetaClassImpl.invokeMethod(MetaClassImpl.java:1225)
at groovy.lang.MetaClassImpl.invokeMethod(MetaClassImpl.java:1034)
at groovy.lang.MetaClassImpl.invokeMethod(MetaClassImpl.java:822)
at io.restassured.internal.RequestSpecificationImpl.invokeMethod(RequestSpecificationImpl.groovy)
at org.codehaus.groovy.runtime.callsite.PogoInterceptableSite.call(PogoInterceptableSite.java:47)
at org.codehaus.groovy.runtime.callsite.PogoInterceptableSite.callCurrent(PogoInterceptableSite.java:57)
at org.codehaus.groovy.runtime.callsite.AbstractCallSite.callCurrent(AbstractCallSite.java:185)
at io.restassured.internal.RequestSpecificationImpl.get(RequestSpecificationImpl.groovy:171)
at io.restassured.internal.RequestSpecificationImpl.get(RequestSpecificationImpl.groovy)
at Com.APIs.PartDataSearch.GET_ComplianceWithCMByPartID_TC017.ComplianceWithCMByPartID(GET_ComplianceWithCMByPartID_TC017.java:15)
at java.base/java.util.ArrayList.forEach(ArrayList.java:1511)
... Removed 47 stack frames]]>
        </failure>
    </testcase> <!-- ComplianceWithCMByPartID -->
    <testcase classname="Com.APIs.PartDataSearch.POST_ModifyUploadedParts_DELETE_WithoutDynamicData_TC028"
              name="ModifyUploadedParts_DELETE_WithoutDynamicData" time="1.978"/>
    <testcase classname="Com.APIs.PartDataSearch.GET_PartDataByPartId_TC003" name="PartDataByPartId" time="2.512"/>
    <testcase classname="Com.APIs.PartDataSearch.GET_PartValidation_TC010" name="PartValidation" time="3.038"/>
    <testcase classname="Com.APIs.PartDataSearch.POST_ModifyUploadedParts_DELETE_GeneralKey_TC026"
              name="POST_ModifyUploadedParts_DELETE_GeneralKey" time="1.878"/>
    <testcase classname="Com.APIs.PartDataSearch.GET_ParametricFeaturesByProductID_TC014"
              name="ParametricFeaturesByProductID" time="6.134"/>
    <testcase classname="Com.APIs.PartDataSearch.GET_PartDetailsBySearchCustom_EmptyInput_TC008"
              name="PartDetailsBySearchCustom_EmptyInput" time="1.914"/>
    <testcase classname="Com.APIs.PartDataSearch.GET_PartDetailsBySearch_TC006" name="PartDetailsBySearch"
              time="2.775"/>
    <testcase classname="Com.APIs.PartDataSearch.GET_PartDetailsBySearchCustom_TC007" name="PartDetailsBySearchCustom"
              time="3.369"/>
    <testcase classname="Com.APIs.PartDataSearch.POST_PartDataWithParametricFilters_TC022"
              name="POST_PartDataWithParametricFilters" time="2.396"/>
    <testcase classname="Com.APIs.PartDataSearch.POST_ModifyUploadedParts_DELETE_TC027"
              name="ModifyUploadedParts_DELETE" time="1.861"/>
    <testcase classname="Com.APIs.PartDataSearch.GET_ComplianceWithCMByPartID_PartConfig_TC019"
              name="ComplianceWithCMByPartID_PartConfig" time="1.915"/>
    <testcase classname="Com.APIs.PartDataSearch.GET_UpdatedPartWithinDateRange_TC013" name="UpdatedPartWithinDateRange"
              time="5.664"/>
    <testcase classname="Com.APIs.PartDataSearch.GET_ProductLineList_TC0012" name="ProductLineList" time="9.107"/>
    <testcase classname="Com.APIs.PartDataSearch.POST_ModifyUploadedParts_ADD_WithoutDynamicData_TC025"
              name="ModifyUploadedParts_ADD_WithoutDynamicData" time="1.884"/>
    <testcase classname="Com.APIs.PartDataSearch.GET_PartDetailsBySearchCustom_PartID_TC009"
              name="PartDetailsBySearchCustom_PartID" time="3.991"/>
    <testcase classname="Com.APIs.PartDataSearch.GET_ChemicalDataByPartID_TC020" name="GetChemicalDataByPartID"
              time="1.894"/>
    <testcase classname="Com.APIs.PartDataSearch.POST_ValidateUploadedParts_TC029" name="ValidateUploadedParts"
              time="1.847"/>
    <testcase classname="Com.APIs.PartDataSearch.POST_ValidateUploadedParts_TC029" name="ValidateUploadedParts2"
              time="1.876"/>
    <testcase classname="Com.APIs.PartDataSearch.GET_ComplianceDatainXMLByPartId_TC021"
              name="GComplianceDatainXMLByPartId" time="2.744"/>
    <testcase classname="Com.APIs.PartDataSearch.GET_PartDataByPartId_PartConfig_TC004"
              name="PartDataByPartId_PartConfig" time="2.517"/>
    <testcase classname="Com.APIs.PartDataSearch.POST_ValidateUploadedParts_NotFoundStatus_TC030"
              name="ValidateUploadedParts_NotFoundStatus" time="1.854"/>
    <testcase classname="Com.APIs.PartDataSearch.GetPartDataByPartId_PartConfig_Duplicate_TC005"
              name="PartDataByPartId_PartConfig_Duplicate_parametric" time="6.297"/>
    <testcase classname="Com.APIs.PartDataSearch.POST_ModifyUploadedParts_ADD_GenralKey_TC023"
              name="ModifyUploadedParts_ADD_GenralKey" time="1.846"/>
    <testcase classname="Com.APIs.PartDataSearch.GET_PartDataByKeySearch_PartConfig_TC002"
              name="PartDataByKeySearch_PartConfig" time="1.927"/>
</testsuite> <!-- Test -->
