<?xml version="1.0" encoding="UTF-8"?>
<!-- Generated by org.testng.reporters.JUnitXMLReporter -->
<testsuite ignored="0" hostname="DESKTOP-TBBFTC1" failures="1" tests="29" name="Test" time="99.463" errors="0"
           timestamp="2020-10-01T15:33:45 EET">
    <testcase classname="Com.APIs.PartDataSearch.GetPartDataByKeySearch_TC001" name="PartDataByKeySearch" time="3.303"/>
    <testcase classname="Com.APIs.PartDataSearch.GET_PartDataByKeySearch_PartConfig_TC002"
              name="PartDataByKeySearch_PartConfig" time="1.918"/>
    <testcase classname="Com.APIs.PartDataSearch.GET_PartDataByPartId_TC003" name="PartDataByPartId" time="2.506"/>
    <testcase classname="Com.APIs.PartDataSearch.GET_PartDataByPartId_PartConfig_TC004"
              name="PartDataByPartId_PartConfig" time="5.518"/>
    <testcase classname="Com.APIs.PartDataSearch.GetPartDataByPartId_PartConfig_Duplicate_TC005"
              name="PartDataByPartId_PartConfig_Duplicate_parametric" time="2.403"/>
    <testcase classname="Com.APIs.PartDataSearch.GET_PartDetailsBySearch_TC006" name="PartDetailsBySearch"
              time="3.886"/>
    <testcase classname="Com.APIs.PartDataSearch.GET_PartDetailsBySearchCustom_TC007" name="PartDetailsBySearchCustom"
              time="5.599"/>
    <testcase classname="Com.APIs.PartDataSearch.GET_PartDetailsBySearchCustom_EmptyInput_TC008"
              name="PartDetailsBySearchCustom_EmptyInput" time="1.832"/>
    <testcase classname="Com.APIs.PartDataSearch.GET_PartDetailsBySearchCustom_PartID_TC009"
              name="PartDetailsBySearchCustom_PartID" time="6.443"/>
    <testcase classname="Com.APIs.PartDataSearch.GET_PartValidation_TC010" name="PartValidation" time="4.424"/>
    <testcase classname="Com.APIs.PartDataSearch.GET_CrossDataByPartId_TC011" name="GetCrossDataByPartId"
              time="10.175"/>
    <testcase classname="Com.APIs.PartDataSearch.GET_ProductLineList_TC0012" name="ProductLineList" time="4.224"/>
    <testcase classname="Com.APIs.PartDataSearch.GET_UpdatedPartWithinDateRange_TC013" name="UpdatedPartWithinDateRange"
              time="1.943"/>
    <testcase classname="Com.APIs.PartDataSearch.GET_ParametricFeaturesByProductID_TC014"
              name="ParametricFeaturesByProductID" time="1.924"/>
    <testcase classname="Com.APIs.PartDataSearch.GET_InventoryDetailsByPartId_015" name="InventoryDetailsByPartId"
              time="1.96"/>
    <testcase classname="Com.APIs.PartDataSearch.GET_UpdatedPartDataWithinDateRange_TC016"
              name="_UpdatedPartDataWithinDateRange" time="11.397"/>
    <testcase classname="Com.APIs.PartDataSearch.GET_ComplianceWithCMByPartID_TC017" name="ComplianceWithCMByPartID"
              time="5.024"/>
    <testcase classname="Com.APIs.PartDataSearch.GET_ComplianceWithCMByPartID_PartConfig_TC019"
              name="ComplianceWithCMByPartID_PartConfig" time="2.086"/>
    <testcase classname="Com.APIs.PartDataSearch.GET_ChemicalDataByPartID_TC020" name="GetChemicalDataByPartID"
              time="1.854"/>
    <testcase classname="Com.APIs.PartDataSearch.GET_ComplianceDatainXMLByPartId_TC021"
              name="GComplianceDatainXMLByPartId" time="3.118">
        <failure type="java.lang.AssertionError" message="1 expectation failed.
Expected header &amp;quot;content-Type&amp;quot; was not &amp;quot;application/json; charset=utf-8&amp;quot;, was &amp;quot;application/xml&amp;quot;. Headers are:
Content-Length=13122
Content-Type=application/xml
Server=Kestrel
X-Rate-Limit-Limit=1m
X-Rate-Limit-Remaining=1499
X-Rate-Limit-Reset=2020-10-01T13:37:08.5862878Z
X-Powered-By=ASP.NET
Date=Thu, 01 Oct 2020 13:36:09 GMT
">
            <![CDATA[java.lang.AssertionError: 1 expectation failed.
Expected header "content-Type" was not "application/json; charset=utf-8", was "application/xml". Headers are:
Content-Length=13122
Content-Type=application/xml
Server=Kestrel
X-Rate-Limit-Limit=1m
X-Rate-Limit-Remaining=1499
X-Rate-Limit-Reset=2020-10-01T13:37:08.5862878Z
X-Powered-By=ASP.NET
Date=Thu, 01 Oct 2020 13:36:09 GMT

at org.codehaus.groovy.runtime.callsite.ConstructorSite$ConstructorSiteNoUnwrap.callConstructor(ConstructorSite.java:84)
at org.codehaus.groovy.runtime.callsite.CallSiteArray.defaultCallConstructor(CallSiteArray.java:59)
at org.codehaus.groovy.runtime.callsite.AbstractCallSite.callConstructor(AbstractCallSite.java:238)
at org.codehaus.groovy.runtime.callsite.AbstractCallSite.callConstructor(AbstractCallSite.java:250)
at io.restassured.internal.ResponseSpecificationImpl$HamcrestAssertionClosure.validate(ResponseSpecificationImpl.groovy:494)
at io.restassured.internal.ResponseSpecificationImpl$HamcrestAssertionClosure$validate$1.call(Unknown Source)
at io.restassured.internal.ResponseSpecificationImpl.validateResponseIfRequired(ResponseSpecificationImpl.groovy:656)
at org.codehaus.groovy.runtime.callsite.PogoMetaMethodSite$PogoCachedMethodSiteNoUnwrapNoCoerce.invoke(PogoMetaMethodSite.java:210)
at org.codehaus.groovy.runtime.callsite.PogoMetaMethodSite.callCurrent(PogoMetaMethodSite.java:59)
at org.codehaus.groovy.runtime.callsite.AbstractCallSite.callCurrent(AbstractCallSite.java:169)
at io.restassured.internal.ResponseSpecificationImpl.header(ResponseSpecificationImpl.groovy:180)
at io.restassured.specification.ResponseSpecification$header$3.callCurrent(Unknown Source)
at io.restassured.internal.ResponseSpecificationImpl.header(ResponseSpecificationImpl.groovy:187)
at io.restassured.internal.ValidatableResponseOptionsImpl.header(ValidatableResponseOptionsImpl.java:154)
at Com.APIs.PartDataSearch.GET_ComplianceDatainXMLByPartId_TC021.GComplianceDatainXMLByPartId(GET_ComplianceDatainXMLByPartId_TC021.java:17)
at java.base/java.util.ArrayList.forEach(ArrayList.java:1511)
... Removed 37 stack frames]]>
        </failure>
    </testcase> <!-- GComplianceDatainXMLByPartId -->
    <testcase classname="Com.APIs.PartDataSearch.POST_PartDataWithParametricFilters_TC022"
              name="POST_PartDataWithParametricFilters" time="2.54"/>
    <testcase classname="Com.APIs.PartDataSearch.POST_ModifyUploadedParts_ADD_GenralKey_TC023"
              name="ModifyUploadedParts_ADD_GenralKey" time="1.863"/>
    <testcase classname="Com.APIs.PartDataSearch.POST_ModifyUploadedParts_ADD_WithoutDynamicData_TC025"
              name="ModifyUploadedParts_ADD_WithoutDynamicData" time="1.898"/>
    <testcase classname="Com.APIs.PartDataSearch.POST_ModifyUploadedParts_DELETE_GeneralKey_TC026"
              name="POST_ModifyUploadedParts_DELETE_GeneralKey" time="1.867"/>
    <testcase classname="Com.APIs.PartDataSearch.POST_ModifyUploadedParts_DELETE_TC027"
              name="ModifyUploadedParts_DELETE" time="1.882"/>
    <testcase classname="Com.APIs.PartDataSearch.POST_ModifyUploadedParts_DELETE_WithoutDynamicData_TC028"
              name="ModifyUploadedParts_DELETE_WithoutDynamicData" time="1.88"/>
    <testcase classname="Com.APIs.PartDataSearch.POST_ValidateUploadedParts_TC029" name="ValidateUploadedParts"
              time="1.996"/>
    <testcase classname="Com.APIs.PartDataSearch.POST_ValidateUploadedParts_TC029" name="ValidateUploadedParts2"
              time="1.91"/>
    <testcase classname="Com.APIs.PartDataSearch.POST_ValidateUploadedParts_NotFoundStatus_TC030"
              name="ValidateUploadedParts_NotFoundStatus" time="1.908"/>
</testsuite> <!-- Test -->
