<?xml version="1.0" encoding="UTF-8"?>
<!-- Generated by org.testng.reporters.JUnitXMLReporter -->
<testsuite ignored="0" hostname="DESKTOP-1M9J8MG" failures="0" tests="24" name="Test" time="44.211" errors="0"
           timestamp="2020-10-07T13:14:25 EET">
    <testcase classname="Com.APIs.Company.GET_CompanyValidationByCompanyName_TC010"
              name="CompanyValidationByCompanyName" time="3.438"/>
    <testcase classname="Com.APIs.Company.GET_CompanyPatentsByCompanyID_TC012" name="CompanyPatentsByCompanyID"
              time="1.644"/>
    <testcase classname="Com.APIs.Company.GET_CompanyFinancialSegmentCompanyID_TC026"
              name="CompanyFinancialSegmentCompanyID" time="1.97"/>
    <testcase classname="Com.APIs.Company.GET_GetCompanyFinancialDataByName_TC004" name="GetCompanyFinancialDataByName"
              time="1.6"/>
    <testcase classname="Com.APIs.Company.GET_CompanyComplinceDataBySupplier_TC002"
              name="CompanyComplianceDataBySupplierName" time="1.605"/>
    <testcase classname="Com.APIs.Company.GET_CompanyDistributorsDataBySupplierName_TC003"
              name="CompanyDistributorsDataBySupplierName" time="1.803"/>
    <testcase classname="Com.APIs.Company.GET_GetCompanySECFilingDateByCompanyID_TC005"
              name="GetCompanySECFilingDateByCompanyID" time="4.401"/>
    <testcase classname="Com.APIs.Company.GET_CompanyFinancialStatementByCompanyID_TC025"
              name="CompanyFinancialStatementByCompanyID" time="2.726"/>
    <testcase classname="Com.APIs.Company.GET_CompanyDetailsByName_TC001" name="CompanyDetailsByName" time="1.359"/>
    <testcase classname="Com.APIs.Company.GET_CompanyHistoryByCompanyID_017" name="GetCompanyHistoryByCompanyID"
              time="1.497"/>
    <testcase classname="Com.APIs.Company.GET_CompanyPatentDetailsByPatentID_TC011"
              name="CompanyPatentDetailsByPatentID" time="1.368"/>
    <testcase classname="Com.APIs.Company.GET_CompanyOwnerOfShareByCompanyID_TC030"
              name="GetCompanyOwnerOfShareByCompanyID" time="1.42"/>
    <testcase classname="Com.APIs.Company.GET_CompanyLocationsByCompanyID_TC019" name="CompanyLocationsByCompanyID"
              time="1.65"/>
    <testcase classname="Com.APIs.Company.GET_CompanyFinancialRatioByCompanyID_TC028"
              name="GetCompanyFinancialRatioByCompanyID" time="1.634"/>
    <testcase classname="Com.APIs.Company.GET_GetCompanyNewsByCompanyID_TC006" name="GetCompanyNewsByCompanyID"
              time="1.353"/>
    <testcase classname="Com.APIs.Company.GET_CompanyLitigationsByCompanyID_TC014"
              name="GetCompanyLitigationsByCompanyID" time="1.452"/>
    <testcase classname="Com.APIs.Company.GET_CompanyProfileByCompanyID_TC016" name="CompanyProfileByCompanyID"
              time="1.345"/>
    <testcase classname="Com.APIs.Company.GET_CompanyKeyPersonsByCompanyID_TC021" name="CompanyKeyPersonsByCompanyID"
              time="1.585"/>
    <testcase classname="Com.APIs.Company.GET_CompanyKeyPersonsByCompanyID_TC020" name="CompanyKeyPersonsByCompanyID"
              time="1.343"/>
    <testcase classname="Com.APIs.Company.GET_CompanyAcquisitionsByCompanyID_TC018"
              name="CompanyAcquisitionsByCompanyID" time="1.347"/>
    <testcase classname="Com.APIs.Company.GET_CompanyDistributorsByCompanyID_TC007"
              name="CompanyDistributorsByCompanyID" time="1.952"/>
    <testcase classname="Com.APIs.Company.GET_CompanyCompetitorsByCompanyID_TC008"
              name="GetCompanyCompetitorsByCompanyID" time="2.18"/>
    <testcase classname="Com.APIs.Company.GET_SiteProfileBySiteID_TC024" name="GetSiteProfileBySiteID" time="1.827"/>
    <testcase classname="Com.APIs.Company.GET_CompanySupplyChainByCompanyID_TC015" name="CompanySupplyChainByCompanyID"
              time="1.491"/>
</testsuite> <!-- Test -->
